<?xml version="1.0" encoding="UTF-8"?>
<testng-results skipped="0" failed="0" ignored="0" total="1" passed="1">
  <reporter-output>
  </reporter-output>
  <suite name="Default suite" duration-ms="18910" started-at="2017-01-22T17:30:50Z" finished-at="2017-01-22T17:31:09Z">
    <groups>
    </groups>
    <test name="Default test" duration-ms="18910" started-at="2017-01-22T17:30:50Z" finished-at="2017-01-22T17:31:09Z">
      <class name="GoogShortlistTest">
        <test-method status="PASS" signature="BeforeTests()[pri:0, instance:GoogShortlistTest@7cd62f43]" name="BeforeTests" is-config="true" duration-ms="12602" started-at="2017-01-22T12:30:50Z" finished-at="2017-01-22T12:31:02Z">
          <reporter-output>
          </reporter-output>
        </test-method> <!-- BeforeTests -->
        <test-method status="PASS" signature="ShortlistTest()[pri:0, instance:GoogShortlistTest@7cd62f43]" name="ShortlistTest" duration-ms="4183" started-at="2017-01-22T12:31:02Z" finished-at="2017-01-22T12:31:06Z">
          <reporter-output>
          </reporter-output>
        </test-method> <!-- ShortlistTest -->
        <test-method status="PASS" signature="AfterTests()[pri:0, instance:GoogShortlistTest@7cd62f43]" name="AfterTests" is-config="true" duration-ms="2100" started-at="2017-01-22T12:31:06Z" finished-at="2017-01-22T12:31:09Z">
          <reporter-output>
          </reporter-output>
        </test-method> <!-- AfterTests -->
      </class> <!-- GoogShortlistTest -->
    </test> <!-- Default test -->
  </suite> <!-- Default suite -->
</testng-results>
